level=info ts=2026-07-08T17:14:16.989256019Z caller=promtail.go:135 msg="Reloading configuration file" sha3sum=06f8b3072bb876ef15d59b76fe01f71664fc6ace6b4b5e5e16ebfd9769af6176
level=info ts=2026-07-08T17:14:16.990796558Z caller=handler.go:87 component=discovery caller=kubernetes.go:323 time=2026-07-08T17:14:16.990792381Z msg="Using pod service account via in-cluster config" discovery=kubernetes config=kubernetes-pods
level=info ts=2026-07-08T17:14:16.995691515Z caller=server.go:368 msg="server listening on addresses" http=[::]:3101 grpc=[::]:9095
level=info ts=2026-07-08T17:14:16.995862791Z caller=main.go:173 msg="Starting Promtail" version="(version=3.5.1, branch=release-3.5.x, revision=d4e637ce)"
level=warn ts=2026-07-08T17:14:16.995949664Z caller=promtail.go:265 msg="enable watchConfig"
level=info ts=2026-07-08T17:14:21.991111024Z caller=filetargetmanager.go:373 msg="Adding target" key="/var/log/pods/*e4c471fa-3a4d-49b0-abe2-97a84d467a3c/promtail/*.log:{app=\"promtail\", container=\"promtail\", instance=\"promtail\", job=\"logging/promtail\", namespace=\"logging\", node_name=\"dev-cluster-worker\", pod=\"promtail-hk5cv\"}"
level=info ts=2026-07-08T17:14:21.991307025Z caller=filetargetmanager.go:373 msg="Adding target" key="/var/log/pods/*a551e1c3-d10e-4c2e-8429-d8c0c53b7680/argocd-notifications-controller/*.log:{app=\"argocd-notifications-controller\", container=\"argocd-notifications-controller\", job=\"argocd/argocd-notifications-controller\", namespace=\"argocd\", node_name=\"dev-cluster-worker\", pod=\"argocd-notifications-controller-7c9c57d677-2kxhl\"}"
level=info ts=2026-07-08T17:14:21.991445981Z caller=filetargetmanager.go:373 msg="Adding target" key="/var/log/pods/*bd5e7728-5ccc-4ca8-84b1-aadb685f45c5/argocd-repo-server/*.log:{app=\"argocd-repo-server\", container=\"argocd-repo-server\", job=\"argocd/argocd-repo-server\", namespace=\"argocd\", node_name=\"dev-cluster-worker\", pod=\"argocd-repo-server-6568747c68-tkjvt\"}"
level=info ts=2026-07-08T17:14:21.991651553Z caller=filetarget.go:343 msg="watching new directory" directory=/var/log/pods/logging_promtail-hk5cv_e4c471fa-3a4d-49b0-abe2-97a84d467a3c/promtail
level=info ts=2026-07-08T17:14:21.991710475Z caller=filetargetmanager.go:373 msg="Adding target" key="/var/log/pods/*bd5e7728-5ccc-4ca8-84b1-aadb685f45c5/copyutil/*.log:{app=\"argocd-repo-server\", container=\"copyutil\", job=\"argocd/argocd-repo-server\", namespace=\"argocd\", node_name=\"dev-cluster-worker\", pod=\"argocd-repo-server-6568747c68-tkjvt\"}"
level=info ts=2026-07-08T17:14:21.991736184Z caller=filetarget.go:343 msg="watching new directory" directory=/var/log/pods/argocd_argocd-notifications-controller-7c9c57d677-2kxhl_a551e1c3-d10e-4c2e-8429-d8c0c53b7680/argocd-notifications-controller
level=info ts=2026-07-08T17:14:21.991849056Z caller=filetargetmanager.go:373 msg="Adding target" key="/var/log/pods/*cb998d1e-407b-49e1-9eb5-9b18921840a0/controller/*.log:{app=\"ingress-nginx\", component=\"controller\", container=\"controller\", instance=\"ingress-nginx\", job=\"ingress-nginx/ingress-nginx\", namespace=\"ingress-nginx\", node_name=\"dev-cluster-worker\", pod=\"ingress-nginx-controller-7b967458dd-wxrmr\"}"
ts=2026-07-08T17:14:21.991927588Z caller=log.go:168 level=info msg="Seeked /var/log/pods/logging_promtail-hk5cv_e4c471fa-3a4d-49b0-abe2-97a84d467a3c/promtail/0.log - &{Offset:0 Whence:0}"
level=info ts=2026-07-08T17:14:21.991940348Z caller=filetarget.go:343 msg="watching new directory" directory=/var/log/pods/argocd_argocd-repo-server-6568747c68-tkjvt_bd5e7728-5ccc-4ca8-84b1-aadb685f45c5/argocd-repo-server
level=info ts=2026-07-08T17:14:21.99196174Z caller=tailer.go:147 component=tailer msg="tail routine: started" path=/var/log/pods/logging_promtail-hk5cv_e4c471fa-3a4d-49b0-abe2-97a84d467a3c/promtail/0.log
ts=2026-07-08T17:14:21.992097412Z caller=log.go:168 level=info msg="Seeked /var/log/pods/argocd_argocd-repo-server-6568747c68-tkjvt_bd5e7728-5ccc-4ca8-84b1-aadb685f45c5/argocd-repo-server/0.log - &{Offset:0 Whence:0}"
level=info ts=2026-07-08T17:14:21.992208126Z caller=filetargetmanager.go:373 msg="Adding target" key="/var/log/pods/*ab03d58f-ad3a-4643-814c-84f69c1a5bef/kube-proxy/*.log:{app=\"kube-proxy\", container=\"kube-proxy\", job=\"kube-system/kube-proxy\", namespace=\"kube-system\", node_name=\"dev-cluster-worker\", pod=\"kube-proxy-8kb2c\"}"
ts=2026-07-08T17:14:21.992223139Z caller=log.go:168 level=info msg="Seeked /var/log/pods/argocd_argocd-notifications-controller-7c9c57d677-2kxhl_a551e1c3-d10e-4c2e-8429-d8c0c53b7680/argocd-notifications-controller/0.log - &{Offset:0 Whence:0}"
level=info ts=2026-07-08T17:14:21.992338263Z caller=filetargetmanager.go:373 msg="Adding target" key="/var/log/pods/*86cb68b5-1a80-4b84-a898-b540e902293b/loki-canary/*.log:{app=\"loki\", component=\"canary\", container=\"loki-canary\", instance=\"loki\", job=\"logging/loki\", namespace=\"logging\", node_name=\"dev-cluster-worker\", pod=\"loki-canary-nm9p2\"}"
level=info ts=2026-07-08T17:14:21.992479376Z caller=filetargetmanager.go:373 msg="Adding target" key="/var/log/pods/*8d8b6d15-cbb2-4884-a0a8-c4d186b91435/frontend/*.log:{app=\"core-web\", container=\"frontend\", job=\"staging/core-web\", namespace=\"staging\", node_name=\"dev-cluster-worker\", pod=\"core-web-app-5f94f6d666-6p6rc\"}"
level=info ts=2026-07-08T17:14:21.992617863Z caller=filetargetmanager.go:373 msg="Adding target" key="/var/log/pods/*46d34acc-06df-40bf-bb21-e9fd92c9cefb/redis/*.log:{app=\"argocd-redis\", container=\"redis\", job=\"argocd/argocd-redis\", namespace=\"argocd\", node_name=\"dev-cluster-worker\", pod=\"argocd-redis-f6bf68dd5-lvjbt\"}"
level=info ts=2026-07-08T17:14:21.992709624Z caller=filetargetmanager.go:373 msg="Adding target" key="/var/log/pods/*46d34acc-06df-40bf-bb21-e9fd92c9cefb/secret-init/*.log:{app=\"argocd-redis\", container=\"secret-init\", job=\"argocd/argocd-redis\", namespace=\"argocd\", node_name=\"dev-cluster-worker\", pod=\"argocd-redis-f6bf68dd5-lvjbt\"}"
level=info ts=2026-07-08T17:14:21.99328834Z caller=filetarget.go:343 msg="watching new directory" directory=/var/log/pods/argocd_argocd-repo-server-6568747c68-tkjvt_bd5e7728-5ccc-4ca8-84b1-aadb685f45c5/copyutil
level=info ts=2026-07-08T17:14:21.993555462Z caller=filetarget.go:343 msg="watching new directory" directory=/var/log/pods/ingress-nginx_ingress-nginx-controller-7b967458dd-wxrmr_cb998d1e-407b-49e1-9eb5-9b18921840a0/controller
level=info ts=2026-07-08T17:14:21.993722096Z caller=filetarget.go:343 msg="watching new directory" directory=/var/log/pods/kube-system_kube-proxy-8kb2c_ab03d58f-ad3a-4643-814c-84f69c1a5bef/kube-proxy
ts=2026-07-08T17:14:21.993960695Z caller=log.go:168 level=info msg="Seeked /var/log/pods/argocd_argocd-repo-server-6568747c68-tkjvt_bd5e7728-5ccc-4ca8-84b1-aadb685f45c5/copyutil/1.log - &{Offset:0 Whence:0}"
level=info ts=2026-07-08T17:14:21.994005449Z caller=tailer.go:147 component=tailer msg="tail routine: started" path=/var/log/pods/argocd_argocd-repo-server-6568747c68-tkjvt_bd5e7728-5ccc-4ca8-84b1-aadb685f45c5/copyutil/1.log
ts=2026-07-08T17:14:21.994156321Z caller=log.go:168 level=info msg="Seeked /var/log/pods/kube-system_kube-proxy-8kb2c_ab03d58f-ad3a-4643-814c-84f69c1a5bef/kube-proxy/5.log - &{Offset:0 Whence:0}"
level=info ts=2026-07-08T17:14:21.994227628Z caller=filetargetmanager.go:373 msg="Adding target" key="/var/log/pods/*c4852470-f375-4119-93c4-34918cb677af/kindnet-cni/*.log:{app=\"kindnet\", container=\"kindnet-cni\", job=\"kube-system/kindnet\", namespace=\"kube-system\", node_name=\"dev-cluster-worker\", pod=\"kindnet-c9r4c\"}"
level=info ts=2026-07-08T17:14:21.994428134Z caller=filetargetmanager.go:373 msg="Adding target" key="/var/log/pods/*601ce9d0-acfd-4b0b-8e3b-9cf96aaf0411/agent-runtime/*.log:{app=\"sql-rag-agent\", container=\"agent-runtime\", job=\"staging/sql-rag-agent\", namespace=\"staging\", node_name=\"dev-cluster-worker\", pod=\"enterprise-sql-rag-agent-29724180-hbltx\"}"
level=info ts=2026-07-08T17:14:21.994549732Z caller=filetargetmanager.go:373 msg="Adding target" key="/var/log/pods/*1d938357-ce22-4a80-8537-26ea7aedea51/agent-runtime/*.log:{app=\"sql-rag-agent\", container=\"agent-runtime\", job=\"staging/sql-rag-agent\", namespace=\"staging\", node_name=\"dev-cluster-worker\", pod=\"manual-agent-test-gxf8w\"}"
level=info ts=2026-07-08T17:14:21.996292261Z caller=filetarget.go:343 msg="watching new directory" directory=/var/log/pods/logging_loki-canary-nm9p2_86cb68b5-1a80-4b84-a898-b540e902293b/loki-canary
level=info ts=2026-07-08T17:14:21.996359533Z caller=tailer.go:147 component=tailer msg="tail routine: started" path=/var/log/pods/kube-system_kube-proxy-8kb2c_ab03d58f-ad3a-4643-814c-84f69c1a5bef/kube-proxy/5.log
ts=2026-07-08T17:14:21.996424179Z caller=log.go:168 level=info msg="Seeked /var/log/pods/kube-system_kube-proxy-8kb2c_ab03d58f-ad3a-4643-814c-84f69c1a5bef/kube-proxy/6.log - &{Offset:0 Whence:0}"
level=info ts=2026-07-08T17:14:21.996451107Z caller=tailer.go:147 component=tailer msg="tail routine: started" path=/var/log/pods/kube-system_kube-proxy-8kb2c_ab03d58f-ad3a-4643-814c-84f69c1a5bef/kube-proxy/6.log
level=info ts=2026-07-08T17:14:21.996530108Z caller=filetarget.go:343 msg="watching new directory" directory=/var/log/pods/staging_core-web-app-5f94f6d666-6p6rc_8d8b6d15-cbb2-4884-a0a8-c4d186b91435/frontend
ts=2026-07-08T17:14:21.996613519Z caller=log.go:168 level=info msg="Seeked /var/log/pods/ingress-nginx_ingress-nginx-controller-7b967458dd-wxrmr_cb998d1e-407b-49e1-9eb5-9b18921840a0/controller/1.log - &{Offset:0 Whence:0}"
level=info ts=2026-07-08T17:14:21.996638946Z caller=tailer.go:147 component=tailer msg="tail routine: started" path=/var/log/pods/ingress-nginx_ingress-nginx-controller-7b967458dd-wxrmr_cb998d1e-407b-49e1-9eb5-9b18921840a0/controller/1.log
level=info ts=2026-07-08T17:14:21.996687079Z caller=filetarget.go:343 msg="watching new directory" directory=/var/log/pods/argocd_argocd-redis-f6bf68dd5-lvjbt_46d34acc-06df-40bf-bb21-e9fd92c9cefb/redis
ts=2026-07-08T17:14:21.996742905Z caller=log.go:168 level=info msg="Seeked /var/log/pods/ingress-nginx_ingress-nginx-controller-7b967458dd-wxrmr_cb998d1e-407b-49e1-9eb5-9b18921840a0/controller/2.log - &{Offset:0 Whence:0}"
level=info ts=2026-07-08T17:14:21.996764579Z caller=tailer.go:147 component=tailer msg="tail routine: started" path=/var/log/pods/ingress-nginx_ingress-nginx-controller-7b967458dd-wxrmr_cb998d1e-407b-49e1-9eb5-9b18921840a0/controller/2.log
level=info ts=2026-07-08T17:14:21.996833353Z caller=filetarget.go:343 msg="watching new directory" directory=/var/log/pods/argocd_argocd-redis-f6bf68dd5-lvjbt_46d34acc-06df-40bf-bb21-e9fd92c9cefb/secret-init
level=info ts=2026-07-08T17:14:21.99696621Z caller=filetarget.go:343 msg="watching new directory" directory=/var/log/pods/kube-system_kindnet-c9r4c_c4852470-f375-4119-93c4-34918cb677af/kindnet-cni
ts=2026-07-08T17:14:21.997070638Z caller=log.go:168 level=info msg="Seeked /var/log/pods/logging_loki-canary-nm9p2_86cb68b5-1a80-4b84-a898-b540e902293b/loki-canary/0.log - &{Offset:0 Whence:0}"
ts=2026-07-08T17:14:21.997491164Z caller=log.go:168 level=info msg="Seeked /var/log/pods/kube-system_kindnet-c9r4c_c4852470-f375-4119-93c4-34918cb677af/kindnet-cni/14.log - &{Offset:0 Whence:0}"
level=info ts=2026-07-08T17:14:21.99750749Z caller=tailer.go:147 component=tailer msg="tail routine: started" path=/var/log/pods/kube-system_kindnet-c9r4c_c4852470-f375-4119-93c4-34918cb677af/kindnet-cni/14.log
ts=2026-07-08T17:14:21.997547178Z caller=log.go:168 level=info msg="Seeked /var/log/pods/staging_core-web-app-5f94f6d666-6p6rc_8d8b6d15-cbb2-4884-a0a8-c4d186b91435/frontend/0.log - &{Offset:0 Whence:0}"
level=info ts=2026-07-08T17:14:21.997624678Z caller=tailer.go:147 component=tailer msg="tail routine: started" path=/var/log/pods/argocd_argocd-repo-server-6568747c68-tkjvt_bd5e7728-5ccc-4ca8-84b1-aadb685f45c5/argocd-repo-server/0.log
ts=2026-07-08T17:14:21.997671778Z caller=log.go:168 level=info msg="Seeked /var/log/pods/argocd_argocd-repo-server-6568747c68-tkjvt_bd5e7728-5ccc-4ca8-84b1-aadb685f45c5/argocd-repo-server/1.log - &{Offset:0 Whence:0}"
level=info ts=2026-07-08T17:14:21.997691575Z caller=tailer.go:147 component=tailer msg="tail routine: started" path=/var/log/pods/argocd_argocd-repo-server-6568747c68-tkjvt_bd5e7728-5ccc-4ca8-84b1-aadb685f45c5/argocd-repo-server/1.log
ts=2026-07-08T17:14:21.997734266Z caller=log.go:168 level=info msg="Seeked /var/log/pods/argocd_argocd-notifications-controller-7c9c57d677-2kxhl_a551e1c3-d10e-4c2e-8429-d8c0c53b7680/argocd-notifications-controller/1.log - &{Offset:0 Whence:0}"
level=info ts=2026-07-08T17:14:21.997753031Z caller=tailer.go:147 component=tailer msg="tail routine: started" path=/var/log/pods/argocd_argocd-notifications-controller-7c9c57d677-2kxhl_a551e1c3-d10e-4c2e-8429-d8c0c53b7680/argocd-notifications-controller/0.log
level=info ts=2026-07-08T17:14:21.997761757Z caller=tailer.go:147 component=tailer msg="tail routine: started" path=/var/log/pods/argocd_argocd-notifications-controller-7c9c57d677-2kxhl_a551e1c3-d10e-4c2e-8429-d8c0c53b7680/argocd-notifications-controller/1.log
level=info ts=2026-07-08T17:14:21.997820023Z caller=tailer.go:147 component=tailer msg="tail routine: started" path=/var/log/pods/argocd_argocd-redis-f6bf68dd5-lvjbt_46d34acc-06df-40bf-bb21-e9fd92c9cefb/redis/0.log
level=info ts=2026-07-08T17:14:21.997848639Z caller=tailer.go:147 component=tailer msg="tail routine: started" path=/var/log/pods/staging_core-web-app-5f94f6d666-6p6rc_8d8b6d15-cbb2-4884-a0a8-c4d186b91435/frontend/0.log
ts=2026-07-08T17:14:21.997876881Z caller=log.go:168 level=info msg="Seeked /var/log/pods/staging_core-web-app-5f94f6d666-6p6rc_8d8b6d15-cbb2-4884-a0a8-c4d186b91435/frontend/1.log - &{Offset:0 Whence:0}"
level=info ts=2026-07-08T17:14:21.997898461Z caller=tailer.go:147 component=tailer msg="tail routine: started" path=/var/log/pods/staging_core-web-app-5f94f6d666-6p6rc_8d8b6d15-cbb2-4884-a0a8-c4d186b91435/frontend/1.log
ts=2026-07-08T17:14:21.997926045Z caller=log.go:168 level=info msg="Seeked /var/log/pods/argocd_argocd-redis-f6bf68dd5-lvjbt_46d34acc-06df-40bf-bb21-e9fd92c9cefb/redis/0.log - &{Offset:0 Whence:0}"
level=info ts=2026-07-08T17:14:22.001587589Z caller=tailer.go:147 component=tailer msg="tail routine: started" path=/var/log/pods/logging_loki-canary-nm9p2_86cb68b5-1a80-4b84-a898-b540e902293b/loki-canary/0.log
level=info ts=2026-07-08T17:14:22.001698116Z caller=tailer.go:147 component=tailer msg="tail routine: started" path=/var/log/pods/argocd_argocd-redis-f6bf68dd5-lvjbt_46d34acc-06df-40bf-bb21-e9fd92c9cefb/redis/1.log
ts=2026-07-08T17:14:22.001754786Z caller=log.go:168 level=info msg="Seeked /var/log/pods/argocd_argocd-redis-f6bf68dd5-lvjbt_46d34acc-06df-40bf-bb21-e9fd92c9cefb/redis/1.log - &{Offset:0 Whence:0}"
ts=2026-07-08T17:14:22.001774584Z caller=log.go:168 level=info msg="Seeked /var/log/pods/argocd_argocd-redis-f6bf68dd5-lvjbt_46d34acc-06df-40bf-bb21-e9fd92c9cefb/secret-init/2.log - &{Offset:0 Whence:0}"
level=info ts=2026-07-08T17:14:22.001838573Z caller=tailer.go:147 component=tailer msg="tail routine: started" path=/var/log/pods/argocd_argocd-redis-f6bf68dd5-lvjbt_46d34acc-06df-40bf-bb21-e9fd92c9cefb/secret-init/2.log
level=info ts=2026-07-08T17:15:40.396836863Z caller=filetargetmanager.go:373 msg="Adding target" key="/var/log/pods/*efecb0bb-dd2f-4d56-ba84-430dcc2c6b74/nginx/*.log:{app=\"nginx-demo\", container=\"nginx\", job=\"default/nginx-demo\", namespace=\"default\", node_name=\"dev-cluster-worker\", pod=\"nginx-demo-745b695d7d-q6gk7\"}"
level=info ts=2026-07-08T17:15:40.397325527Z caller=filetarget.go:343 msg="watching new directory" directory=/var/log/pods/default_nginx-demo-745b695d7d-q6gk7_efecb0bb-dd2f-4d56-ba84-430dcc2c6b74/nginx
level=info ts=2026-07-08T17:15:40.397439047Z caller=tailer.go:147 component=tailer msg="tail routine: started" path=/var/log/pods/default_nginx-demo-745b695d7d-q6gk7_efecb0bb-dd2f-4d56-ba84-430dcc2c6b74/nginx/0.log
ts=2026-07-08T17:15:40.397456866Z caller=log.go:168 level=info msg="Seeked /var/log/pods/default_nginx-demo-745b695d7d-q6gk7_efecb0bb-dd2f-4d56-ba84-430dcc2c6b74/nginx/0.log - &{Offset:0 Whence:0}"
